<?xml version="1.0" encoding="UTF-8"?>
<testng-results ignored="0" total="1" passed="1" failed="0" skipped="0">
  <reporter-output>
  </reporter-output>
  <suite started-at="2023-10-24T01:29:59 PDT" name="Default suite" finished-at="2023-10-24T01:30:11 PDT" duration-ms="11762">
    <groups>
    </groups>
    <test started-at="2023-10-24T01:29:59 PDT" name="Default test" finished-at="2023-10-24T01:30:11 PDT" duration-ms="11762">
      <class name="functionalTests.TruckTests">
        <test-method is-config="true" signature="setup()[pri:0, instance:functionalTests.TruckTests@4c60d6e9]" started-at="2023-10-24T01:29:59 PDT" name="setup" finished-at="2023-10-24T01:30:07 PDT" duration-ms="7892" status="PASS">
          <reporter-output>
          </reporter-output>
        </test-method> <!-- setup -->
        <test-method signature="verify_EnginePerformance_BoundaryValues()[pri:0, instance:functionalTests.TruckTests@4c60d6e9]" started-at="2023-10-24T01:30:07 PDT" name="verify_EnginePerformance_BoundaryValues" finished-at="2023-10-24T01:30:09 PDT" duration-ms="2151" status="PASS">
          <reporter-output>
          </reporter-output>
        </test-method> <!-- verify_EnginePerformance_BoundaryValues -->
        <test-method is-config="true" signature="cleanup()[pri:0, instance:functionalTests.TruckTests@4c60d6e9]" started-at="2023-10-24T01:30:09 PDT" name="cleanup" finished-at="2023-10-24T01:30:11 PDT" duration-ms="1549" status="PASS">
          <reporter-output>
          </reporter-output>
        </test-method> <!-- cleanup -->
      </class> <!-- functionalTests.TruckTests -->
    </test> <!-- Default test -->
  </suite> <!-- Default suite -->
</testng-results>
